<?xml version="1.0" encoding="UTF-8"?>
<testsuite name="com.bookService.settlement.service.SellerWalletCreditorIntegrationTest" tests="5" skipped="0" failures="0" errors="0" timestamp="2026-07-14T19:48:54.400Z" hostname="DESKTOP-OTIVGL5" time="1.583">
  <properties/>
  <testcase name="첫 정산: 지갑이 없던 판매자에게 정확한 잔액으로 지갑이 생성된다" classname="com.bookService.settlement.service.SellerWalletCreditorIntegrationTest" time="0.916"/>
  <testcase name="동시성/lost update: 서로 다른 주문 20건이 같은 판매자에게 동시 정산돼도 합계가 정확하다" classname="com.bookService.settlement.service.SellerWalletCreditorIntegrationTest" time="0.11"/>
  <testcase name="누적: 서로 다른 주문 2건이 같은 판매자에게 정산되면 잔액이 합산된다" classname="com.bookService.settlement.service.SellerWalletCreditorIntegrationTest" time="0.03"/>
  <testcase name="멱등성: 같은 (주문, 판매자) 몫을 두 번 처리해도 잔액은 한 번만 반영된다" classname="com.bookService.settlement.service.SellerWalletCreditorIntegrationTest" time="0.023"/>
  <testcase name="동시성/멱등: 같은 (주문,판매자) 몫이 20번 동시 전달돼도 잔액은 정확히 1회만 반영된다" classname="com.bookService.settlement.service.SellerWalletCreditorIntegrationTest" time="0.499"/>
  <system-out><![CDATA[04:48:48.482 [Test worker] INFO org.springframework.test.context.support.AnnotationConfigContextLoaderUtils -- Could not detect default configuration classes for test class [com.bookService.settlement.service.SellerWalletCreditorIntegrationTest]: SellerWalletCreditorIntegrationTest does not declare any static, non-private, non-final, nested classes annotated with @Configuration.
04:48:48.651 [Test worker] INFO org.springframework.boot.test.context.SpringBootTestContextBootstrapper -- Found @SpringBootConfiguration com.bookService.settlement.SettlementWorkerApplication for test class com.bookService.settlement.service.SellerWalletCreditorIntegrationTest

  .   ____          _            __ _ _
 /\\ / ___'_ __ _ _(_)_ __  __ _ \ \ \ \
( ( )\___ | '_ | '_| | '_ \/ _` | \ \ \ \
 \\/  ___)| |_)| | | | | || (_| |  ) ) ) )
  '  |____| .__|_| |_|_| |_\__, | / / / /
 =========|_|==============|___/=/_/_/_/

 :: Spring Boot ::                (v3.4.8)

2026-07-15T04:48:49.313+09:00  INFO 8456 --- [settlement-worker] [    Test worker] .s.s.SellerWalletCreditorIntegrationTest : Starting SellerWalletCreditorIntegrationTest using Java 21.0.8 with PID 8456 (started by User in F:\Project\movedFromC\core\settlement-worker)
2026-07-15T04:48:49.315+09:00  INFO 8456 --- [settlement-worker] [    Test worker] .s.s.SellerWalletCreditorIntegrationTest : No active profile set, falling back to 1 default profile: "default"
2026-07-15T04:48:50.357+09:00  INFO 8456 --- [settlement-worker] [    Test worker] .s.d.r.c.RepositoryConfigurationDelegate : Bootstrapping Spring Data JPA repositories in DEFAULT mode.
2026-07-15T04:48:50.443+09:00  INFO 8456 --- [settlement-worker] [    Test worker] .s.d.r.c.RepositoryConfigurationDelegate : Finished Spring Data repository scanning in 73 ms. Found 2 JPA repository interfaces.
2026-07-15T04:48:51.014+09:00  INFO 8456 --- [settlement-worker] [    Test worker] o.hibernate.jpa.internal.util.LogHelper  : HHH000204: Processing PersistenceUnitInfo [name: default]
2026-07-15T04:48:51.083+09:00  INFO 8456 --- [settlement-worker] [    Test worker] org.hibernate.Version                    : HHH000412: Hibernate ORM core version 6.6.22.Final
2026-07-15T04:48:51.124+09:00  INFO 8456 --- [settlement-worker] [    Test worker] o.h.c.internal.RegionFactoryInitiator    : HHH000026: Second-level cache disabled
2026-07-15T04:48:51.555+09:00  INFO 8456 --- [settlement-worker] [    Test worker] o.s.o.j.p.SpringPersistenceUnitInfo      : No LoadTimeWeaver setup: ignoring JPA class transformer
2026-07-15T04:48:51.593+09:00  INFO 8456 --- [settlement-worker] [    Test worker] com.zaxxer.hikari.HikariDataSource       : HikariPool-1 - Starting...
2026-07-15T04:48:51.788+09:00  INFO 8456 --- [settlement-worker] [    Test worker] com.zaxxer.hikari.pool.HikariPool        : HikariPool-1 - Added connection com.mysql.cj.jdbc.ConnectionImpl@156ff70f
2026-07-15T04:48:51.790+09:00  INFO 8456 --- [settlement-worker] [    Test worker] com.zaxxer.hikari.HikariDataSource       : HikariPool-1 - Start completed.
2026-07-15T04:48:51.885+09:00  INFO 8456 --- [settlement-worker] [    Test worker] org.hibernate.orm.connections.pooling    : HHH10001005: Database info:
	Database JDBC URL [Connecting through datasource 'HikariDataSource (HikariPool-1)']
	Database driver: undefined/unknown
	Database version: 8.0.41
	Autocommit mode: undefined/unknown
	Isolation level: undefined/unknown
	Minimum pool size: undefined/unknown
	Maximum pool size: undefined/unknown
2026-07-15T04:48:52.828+09:00  INFO 8456 --- [settlement-worker] [    Test worker] o.h.e.t.j.p.i.JtaPlatformInitiator       : HHH000489: No JTA platform available (set 'hibernate.transaction.jta.platform' to enable JTA platform integration)
2026-07-15T04:48:52.832+09:00  INFO 8456 --- [settlement-worker] [    Test worker] j.LocalContainerEntityManagerFactoryBean : Initialized JPA EntityManagerFactory for persistence unit 'default'
2026-07-15T04:48:53.297+09:00  INFO 8456 --- [settlement-worker] [    Test worker] o.s.d.j.r.query.QueryEnhancerFactory     : Hibernate is in classpath; If applicable, HQL parser will be used.
2026-07-15T04:48:54.197+09:00  INFO 8456 --- [settlement-worker] [    Test worker] o.s.a.r.c.CachingConnectionFactory       : Attempting to connect to: [192.168.0.6:5672]
2026-07-15T04:48:54.267+09:00  INFO 8456 --- [settlement-worker] [    Test worker] o.s.a.r.c.CachingConnectionFactory       : Created new connection: rabbitConnectionFactory#79aa675b:0/SimpleConnection@6e2764c9 [delegate=amqp://coreapp@192.168.0.6:5672/core_vhost, localPort=50237]
2026-07-15T04:48:54.389+09:00  INFO 8456 --- [settlement-worker] [    Test worker] .s.s.SellerWalletCreditorIntegrationTest : Started SellerWalletCreditorIntegrationTest in 5.534 seconds (process running for 7.163)
2026-07-15T04:48:55.230+09:00  INFO 8456 --- [settlement-worker] [    Test worker] c.b.s.service.SellerWalletCreditor       : 판매자 지갑 정산 완료: orderId=wallet-test-order-dad066c5-a47b-4aac-a3d1-7108d89a8627, sellerId=900010247, amount=12000.00
2026-07-15T04:48:55.336+09:00  INFO 8456 --- [settlement-worker] [pool-4-thread-8] c.b.s.service.SellerWalletCreditor       : 판매자 지갑 정산 완료: orderId=wallet-test-order-c-7-1c3143ab-d834-4d52-b30e-a5814a496d2d, sellerId=900962904, amount=1000
2026-07-15T04:48:55.346+09:00  INFO 8456 --- [settlement-worker] [ool-4-thread-11] c.b.s.service.SellerWalletCreditor       : 판매자 지갑 정산 완료: orderId=wallet-test-order-c-10-ae7e5c76-bad5-47cc-9f1d-c068b36fe935, sellerId=900962904, amount=1000
2026-07-15T04:48:55.349+09:00  INFO 8456 --- [settlement-worker] [pool-4-thread-5] c.b.s.service.SellerWalletCreditor       : 판매자 지갑 정산 완료: orderId=wallet-test-order-c-4-e9a05b4f-185d-4387-8f72-3e01d2f7e762, sellerId=900962904, amount=1000
2026-07-15T04:48:55.352+09:00  INFO 8456 --- [settlement-worker] [pool-4-thread-1] c.b.s.service.SellerWalletCreditor       : 판매자 지갑 정산 완료: orderId=wallet-test-order-c-0-82ed1ebc-2170-4e3a-9f37-cc8b6209bcce, sellerId=900962904, amount=1000
2026-07-15T04:48:55.356+09:00  INFO 8456 --- [settlement-worker] [ool-4-thread-16] c.b.s.service.SellerWalletCreditor       : 판매자 지갑 정산 완료: orderId=wallet-test-order-c-15-d17ec6cd-0b24-4e0f-864d-faea2b4a0e46, sellerId=900962904, amount=1000
2026-07-15T04:48:55.366+09:00  INFO 8456 --- [settlement-worker] [ool-4-thread-13] c.b.s.service.SellerWalletCreditor       : 판매자 지갑 정산 완료: orderId=wallet-test-order-c-12-0e4d986d-786a-467a-8c7d-e90341774124, sellerId=900962904, amount=1000
2026-07-15T04:48:55.370+09:00  INFO 8456 --- [settlement-worker] [pool-4-thread-2] c.b.s.service.SellerWalletCreditor       : 판매자 지갑 정산 완료: orderId=wallet-test-order-c-1-f4b1a499-dcc5-4c06-9207-13ffba1206cd, sellerId=900962904, amount=1000
2026-07-15T04:48:55.375+09:00  INFO 8456 --- [settlement-worker] [ool-4-thread-10] c.b.s.service.SellerWalletCreditor       : 판매자 지갑 정산 완료: orderId=wallet-test-order-c-9-9e2f611b-dff1-4e5f-a9a8-eeb1857ce2cf, sellerId=900962904, amount=1000
2026-07-15T04:48:55.378+09:00  INFO 8456 --- [settlement-worker] [pool-4-thread-4] c.b.s.service.SellerWalletCreditor       : 판매자 지갑 정산 완료: orderId=wallet-test-order-c-3-c46a19a1-2382-4f7e-8d8e-6a2f24390013, sellerId=900962904, amount=1000
2026-07-15T04:48:55.381+09:00  INFO 8456 --- [settlement-worker] [pool-4-thread-3] c.b.s.service.SellerWalletCreditor       : 판매자 지갑 정산 완료: orderId=wallet-test-order-c-2-fca8a6c1-0f54-4756-874b-51ce778827b6, sellerId=900962904, amount=1000
2026-07-15T04:48:55.385+09:00  INFO 8456 --- [settlement-worker] [ool-4-thread-12] c.b.s.service.SellerWalletCreditor       : 판매자 지갑 정산 완료: orderId=wallet-test-order-c-11-37b937b0-4a26-4116-bbb1-7292ee95d352, sellerId=900962904, amount=1000
2026-07-15T04:48:55.390+09:00  INFO 8456 --- [settlement-worker] [ool-4-thread-17] c.b.s.service.SellerWalletCreditor       : 판매자 지갑 정산 완료: orderId=wallet-test-order-c-16-4d24e356-4338-4541-bc97-6575e29c369e, sellerId=900962904, amount=1000
2026-07-15T04:48:55.394+09:00  INFO 8456 --- [settlement-worker] [pool-4-thread-9] c.b.s.service.SellerWalletCreditor       : 판매자 지갑 정산 완료: orderId=wallet-test-order-c-8-eb1b1b7d-c20f-48bc-b75a-75c02be61025, sellerId=900962904, amount=1000
2026-07-15T04:48:55.397+09:00  INFO 8456 --- [settlement-worker] [ool-4-thread-18] c.b.s.service.SellerWalletCreditor       : 판매자 지갑 정산 완료: orderId=wallet-test-order-c-17-29500cba-57b4-4e48-8469-7529ed0eef80, sellerId=900962904, amount=1000
2026-07-15T04:48:55.400+09:00  INFO 8456 --- [settlement-worker] [ool-4-thread-19] c.b.s.service.SellerWalletCreditor       : 판매자 지갑 정산 완료: orderId=wallet-test-order-c-18-2b898654-94f2-42e7-a256-d3bcb8930348, sellerId=900962904, amount=1000
2026-07-15T04:48:55.403+09:00  INFO 8456 --- [settlement-worker] [pool-4-thread-7] c.b.s.service.SellerWalletCreditor       : 판매자 지갑 정산 완료: orderId=wallet-test-order-c-6-f81181bf-107c-4aa2-bbe5-8829872bc39e, sellerId=900962904, amount=1000
2026-07-15T04:48:55.407+09:00  INFO 8456 --- [settlement-worker] [pool-4-thread-6] c.b.s.service.SellerWalletCreditor       : 판매자 지갑 정산 완료: orderId=wallet-test-order-c-5-af59d542-69ec-43fc-9357-8f6f1dacd4b0, sellerId=900962904, amount=1000
2026-07-15T04:48:55.409+09:00  INFO 8456 --- [settlement-worker] [ool-4-thread-20] c.b.s.service.SellerWalletCreditor       : 판매자 지갑 정산 완료: orderId=wallet-test-order-c-19-76109938-ee4a-40de-a5b2-650502c2f86e, sellerId=900962904, amount=1000
2026-07-15T04:48:55.412+09:00  INFO 8456 --- [settlement-worker] [ool-4-thread-14] c.b.s.service.SellerWalletCreditor       : 판매자 지갑 정산 완료: orderId=wallet-test-order-c-13-4ffece05-bdd3-4ef6-8089-b9f4e0dcbaf5, sellerId=900962904, amount=1000
2026-07-15T04:48:55.415+09:00  INFO 8456 --- [settlement-worker] [ool-4-thread-15] c.b.s.service.SellerWalletCreditor       : 판매자 지갑 정산 완료: orderId=wallet-test-order-c-14-0f8a9286-5976-4333-9d84-217e76141840, sellerId=900962904, amount=1000
2026-07-15T04:48:55.439+09:00  INFO 8456 --- [settlement-worker] [    Test worker] c.b.s.service.SellerWalletCreditor       : 판매자 지갑 정산 완료: orderId=wallet-test-order-2a9ad432-3549-4b28-978d-c348fdc353fd, sellerId=900660408, amount=5000
2026-07-15T04:48:55.448+09:00  INFO 8456 --- [settlement-worker] [    Test worker] c.b.s.service.SellerWalletCreditor       : 판매자 지갑 정산 완료: orderId=wallet-test-order-4671dd7e-d0a4-4fbd-be06-66c019cb773f, sellerId=900660408, amount=3000
2026-07-15T04:48:55.468+09:00  INFO 8456 --- [settlement-worker] [    Test worker] c.b.s.service.SellerWalletCreditor       : 판매자 지갑 정산 완료: orderId=wallet-test-order-6fd5ea28-86db-487a-95a3-eb5931c99e9d, sellerId=900239990, amount=10000
2026-07-15T04:48:55.475+09:00  INFO 8456 --- [settlement-worker] [    Test worker] c.b.s.service.SellerWalletCreditor       : 이미 정산된 판매자 몫 ? 중복 전달 skip: orderId=wallet-test-order-6fd5ea28-86db-487a-95a3-eb5931c99e9d, sellerId=900239990
2026-07-15T04:48:55.498+09:00  INFO 8456 --- [settlement-worker] [pool-5-thread-5] c.b.s.service.SellerWalletCreditor       : 판매자 지갑 정산 완료: orderId=wallet-test-order-d328028f-806d-40df-9216-366842351dbc, sellerId=900676251, amount=1000
2026-07-15T04:48:55.508+09:00  INFO 8456 --- [settlement-worker] [pool-5-thread-7] c.b.s.service.SellerWalletCreditor       : 이미 정산된 판매자 몫 ? 중복 전달 skip: orderId=wallet-test-order-d328028f-806d-40df-9216-366842351dbc, sellerId=900676251
2026-07-15T04:48:55.511+09:00  INFO 8456 --- [settlement-worker] [ool-5-thread-11] c.b.s.service.SellerWalletCreditor       : 이미 정산된 판매자 몫 ? 중복 전달 skip: orderId=wallet-test-order-d328028f-806d-40df-9216-366842351dbc, sellerId=900676251
2026-07-15T04:48:55.512+09:00  INFO 8456 --- [settlement-worker] [ool-5-thread-12] c.b.s.service.SellerWalletCreditor       : 이미 정산된 판매자 몫 ? 중복 전달 skip: orderId=wallet-test-order-d328028f-806d-40df-9216-366842351dbc, sellerId=900676251
2026-07-15T04:48:55.516+09:00  INFO 8456 --- [settlement-worker] [ool-5-thread-14] c.b.s.service.SellerWalletCreditor       : 이미 정산된 판매자 몫 ? 중복 전달 skip: orderId=wallet-test-order-d328028f-806d-40df-9216-366842351dbc, sellerId=900676251
2026-07-15T04:48:55.519+09:00  INFO 8456 --- [settlement-worker] [ool-5-thread-13] c.b.s.service.SellerWalletCreditor       : 이미 정산된 판매자 몫 ? 중복 전달 skip: orderId=wallet-test-order-d328028f-806d-40df-9216-366842351dbc, sellerId=900676251
2026-07-15T04:48:55.526+09:00  INFO 8456 --- [settlement-worker] [ool-5-thread-15] c.b.s.service.SellerWalletCreditor       : 이미 정산된 판매자 몫 ? 중복 전달 skip: orderId=wallet-test-order-d328028f-806d-40df-9216-366842351dbc, sellerId=900676251
2026-07-15T04:48:55.527+09:00  INFO 8456 --- [settlement-worker] [ool-5-thread-16] c.b.s.service.SellerWalletCreditor       : 이미 정산된 판매자 몫 ? 중복 전달 skip: orderId=wallet-test-order-d328028f-806d-40df-9216-366842351dbc, sellerId=900676251
2026-07-15T04:48:55.531+09:00  INFO 8456 --- [settlement-worker] [ool-5-thread-18] c.b.s.service.SellerWalletCreditor       : 이미 정산된 판매자 몫 ? 중복 전달 skip: orderId=wallet-test-order-d328028f-806d-40df-9216-366842351dbc, sellerId=900676251
2026-07-15T04:48:55.531+09:00  INFO 8456 --- [settlement-worker] [ool-5-thread-17] c.b.s.service.SellerWalletCreditor       : 이미 정산된 판매자 몫 ? 중복 전달 skip: orderId=wallet-test-order-d328028f-806d-40df-9216-366842351dbc, sellerId=900676251
2026-07-15T04:48:55.535+09:00  INFO 8456 --- [settlement-worker] [ool-5-thread-19] c.b.s.service.SellerWalletCreditor       : 이미 정산된 판매자 몫 ? 중복 전달 skip: orderId=wallet-test-order-d328028f-806d-40df-9216-366842351dbc, sellerId=900676251
2026-07-15T04:48:55.535+09:00  INFO 8456 --- [settlement-worker] [ool-5-thread-20] c.b.s.service.SellerWalletCreditor       : 이미 정산된 판매자 몫 ? 중복 전달 skip: orderId=wallet-test-order-d328028f-806d-40df-9216-366842351dbc, sellerId=900676251
2026-07-15T04:48:55.957+09:00  WARN 8456 --- [settlement-worker] [pool-5-thread-9] o.h.engine.jdbc.spi.SqlExceptionHelper   : SQL Error: 1062, SQLState: 23000
2026-07-15T04:48:55.958+09:00  WARN 8456 --- [settlement-worker] [pool-5-thread-3] o.h.engine.jdbc.spi.SqlExceptionHelper   : SQL Error: 1062, SQLState: 23000
2026-07-15T04:48:55.957+09:00  WARN 8456 --- [settlement-worker] [pool-5-thread-2] o.h.engine.jdbc.spi.SqlExceptionHelper   : SQL Error: 1062, SQLState: 23000
2026-07-15T04:48:55.958+09:00 ERROR 8456 --- [settlement-worker] [pool-5-thread-3] o.h.engine.jdbc.spi.SqlExceptionHelper   : Duplicate entry 'wallet-test-order-d328028f-806d-40df-9216-366842351dbc-900676251' for key 'wallet_transactions.uk_wallet_tx_order_seller'
2026-07-15T04:48:55.957+09:00  WARN 8456 --- [settlement-worker] [pool-5-thread-4] o.h.engine.jdbc.spi.SqlExceptionHelper   : SQL Error: 1062, SQLState: 23000
2026-07-15T04:48:55.957+09:00  WARN 8456 --- [settlement-worker] [pool-5-thread-1] o.h.engine.jdbc.spi.SqlExceptionHelper   : SQL Error: 1062, SQLState: 23000
2026-07-15T04:48:55.958+09:00  WARN 8456 --- [settlement-worker] [ool-5-thread-10] o.h.engine.jdbc.spi.SqlExceptionHelper   : SQL Error: 1062, SQLState: 23000
2026-07-15T04:48:55.958+09:00 ERROR 8456 --- [settlement-worker] [ool-5-thread-10] o.h.engine.jdbc.spi.SqlExceptionHelper   : Duplicate entry 'wallet-test-order-d328028f-806d-40df-9216-366842351dbc-900676251' for key 'wallet_transactions.uk_wallet_tx_order_seller'
2026-07-15T04:48:55.957+09:00  WARN 8456 --- [settlement-worker] [pool-5-thread-6] o.h.engine.jdbc.spi.SqlExceptionHelper   : SQL Error: 1062, SQLState: 23000
2026-07-15T04:48:55.958+09:00  WARN 8456 --- [settlement-worker] [pool-5-thread-8] o.h.engine.jdbc.spi.SqlExceptionHelper   : SQL Error: 1062, SQLState: 23000
2026-07-15T04:48:55.958+09:00 ERROR 8456 --- [settlement-worker] [pool-5-thread-6] o.h.engine.jdbc.spi.SqlExceptionHelper   : Duplicate entry 'wallet-test-order-d328028f-806d-40df-9216-366842351dbc-900676251' for key 'wallet_transactions.uk_wallet_tx_order_seller'
2026-07-15T04:48:55.958+09:00 ERROR 8456 --- [settlement-worker] [pool-5-thread-9] o.h.engine.jdbc.spi.SqlExceptionHelper   : Duplicate entry 'wallet-test-order-d328028f-806d-40df-9216-366842351dbc-900676251' for key 'wallet_transactions.uk_wallet_tx_order_seller'
2026-07-15T04:48:55.958+09:00 ERROR 8456 --- [settlement-worker] [pool-5-thread-2] o.h.engine.jdbc.spi.SqlExceptionHelper   : Duplicate entry 'wallet-test-order-d328028f-806d-40df-9216-366842351dbc-900676251' for key 'wallet_transactions.uk_wallet_tx_order_seller'
2026-07-15T04:48:55.958+09:00 ERROR 8456 --- [settlement-worker] [pool-5-thread-4] o.h.engine.jdbc.spi.SqlExceptionHelper   : Duplicate entry 'wallet-test-order-d328028f-806d-40df-9216-366842351dbc-900676251' for key 'wallet_transactions.uk_wallet_tx_order_seller'
2026-07-15T04:48:55.958+09:00 ERROR 8456 --- [settlement-worker] [pool-5-thread-1] o.h.engine.jdbc.spi.SqlExceptionHelper   : Duplicate entry 'wallet-test-order-d328028f-806d-40df-9216-366842351dbc-900676251' for key 'wallet_transactions.uk_wallet_tx_order_seller'
2026-07-15T04:48:55.959+09:00 ERROR 8456 --- [settlement-worker] [pool-5-thread-8] o.h.engine.jdbc.spi.SqlExceptionHelper   : Duplicate entry 'wallet-test-order-d328028f-806d-40df-9216-366842351dbc-900676251' for key 'wallet_transactions.uk_wallet_tx_order_seller'
2026-07-15T04:48:55.967+09:00  INFO 8456 --- [settlement-worker] [pool-5-thread-9] c.b.s.service.SellerWalletCreditor       : 이미 정산된 판매자 몫 ? 동시 중복 전달 skip: orderId=wallet-test-order-d328028f-806d-40df-9216-366842351dbc, sellerId=900676251
2026-07-15T04:48:55.967+09:00  INFO 8456 --- [settlement-worker] [pool-5-thread-1] c.b.s.service.SellerWalletCreditor       : 이미 정산된 판매자 몫 ? 동시 중복 전달 skip: orderId=wallet-test-order-d328028f-806d-40df-9216-366842351dbc, sellerId=900676251
2026-07-15T04:48:55.967+09:00  INFO 8456 --- [settlement-worker] [pool-5-thread-6] c.b.s.service.SellerWalletCreditor       : 이미 정산된 판매자 몫 ? 동시 중복 전달 skip: orderId=wallet-test-order-d328028f-806d-40df-9216-366842351dbc, sellerId=900676251
2026-07-15T04:48:55.967+09:00  INFO 8456 --- [settlement-worker] [pool-5-thread-4] c.b.s.service.SellerWalletCreditor       : 이미 정산된 판매자 몫 ? 동시 중복 전달 skip: orderId=wallet-test-order-d328028f-806d-40df-9216-366842351dbc, sellerId=900676251
2026-07-15T04:48:55.967+09:00  INFO 8456 --- [settlement-worker] [pool-5-thread-8] c.b.s.service.SellerWalletCreditor       : 이미 정산된 판매자 몫 ? 동시 중복 전달 skip: orderId=wallet-test-order-d328028f-806d-40df-9216-366842351dbc, sellerId=900676251
2026-07-15T04:48:55.967+09:00  INFO 8456 --- [settlement-worker] [pool-5-thread-3] c.b.s.service.SellerWalletCreditor       : 이미 정산된 판매자 몫 ? 동시 중복 전달 skip: orderId=wallet-test-order-d328028f-806d-40df-9216-366842351dbc, sellerId=900676251
2026-07-15T04:48:55.967+09:00  INFO 8456 --- [settlement-worker] [pool-5-thread-2] c.b.s.service.SellerWalletCreditor       : 이미 정산된 판매자 몫 ? 동시 중복 전달 skip: orderId=wallet-test-order-d328028f-806d-40df-9216-366842351dbc, sellerId=900676251
2026-07-15T04:48:55.967+09:00  INFO 8456 --- [settlement-worker] [ool-5-thread-10] c.b.s.service.SellerWalletCreditor       : 이미 정산된 판매자 몫 ? 동시 중복 전달 skip: orderId=wallet-test-order-d328028f-806d-40df-9216-366842351dbc, sellerId=900676251
]]></system-out>
  <system-err><![CDATA[Mockito is currently self-attaching to enable the inline-mock-maker. This will no longer work in future releases of the JDK. Please add Mockito as an agent to your build what is described in Mockito's documentation: https://javadoc.io/doc/org.mockito/mockito-core/latest/org/mockito/Mockito.html#0.3
WARNING: A Java agent has been loaded dynamically (C:\Users\User\.gradle\caches\modules-2\files-2.1\net.bytebuddy\byte-buddy-agent\1.15.11\a38b16385e867f59a641330f0362ebe742788ed8\byte-buddy-agent-1.15.11.jar)
WARNING: If a serviceability tool is in use, please run with -XX:+EnableDynamicAgentLoading to hide this warning
WARNING: If a serviceability tool is not in use, please run with -Djdk.instrument.traceUsage for more information
WARNING: Dynamic loading of agents will be disallowed by default in a future release
]]></system-err>
</testsuite>
